<?xml version="1.0" encoding="UTF-8"?>
<!-- Generated by org.testng.reporters.JUnitReportReporter -->
<testsuite skipped="0" hostname="LAPTOP-AIO68RGA" name="com.lemon.day11.TestngTest" tests="6" failures="0" timestamp="2021-08-29T16:49:11 CST" time="0.014" errors="0">
  <testcase name="registerSuccess" time="0.001" classname="com.lemon.day11.TestngTest"/>
  <testcase name="loginFailure" time="0.004" classname="com.lemon.day11.TestngTest"/>
  <testcase name="registerFail" time="0.005" classname="com.lemon.day11.TestngTest"/>
  <testcase name="loginFailure01" time="0.001" classname="com.lemon.day11.TestngTest"/>
  <testcase name="loginSuccess" time="0.002" classname="com.lemon.day11.TestngTest"/>
  <testcase name="loginFailure02" time="0.001" classname="com.lemon.day11.TestngTest"/>
</testsuite> <!-- com.lemon.day11.TestngTest -->
