<?xml version="1.0" encoding="UTF-8"?>
<!-- Generated by org.testng.reporters.JUnitReportReporter -->
<testsuite skipped="0" hostname="LAPTOP-AIO68RGA" name="com.lemon.day11.DataDrive" tests="3" failures="0" timestamp="2021-08-29T16:49:11 CST" time="0.000" errors="0">
  <testcase name="loginFailure" time="0.000" classname="com.lemon.day11.DataDrive"/>
  <testcase name="loginFailure" time="0.000" classname="com.lemon.day11.DataDrive"/>
  <testcase name="loginFailure" time="0.000" classname="com.lemon.day11.DataDrive"/>
</testsuite> <!-- com.lemon.day11.DataDrive -->
